{"$message_type":"diagnostic","message":"linking with `cc` failed: exit status: 1","code":null,"level":"error","spans":[],"children":[{"message":" \"cc\" \"-m64\" \"/tmp/rustc9Xe6GO/symbols.o\" \"<27 object files omitted>\" \"-Wl,--as-needed\" \"-Wl,-Bstatic\" \"/home/ale/Documents/pcr-quic/examples/target/debug/deps/{libpcr_quic-fab6ef7465e8665f,libblake3-b237831d2b8f49bd,libconstant_time_eq-9cbee31b9a2a0793,libcpufeatures-f5e235453bd93bb1,libcfg_if-b2fae9762dd914dd,libarrayvec-9af15950db9f6fc4,libarrayref-ab36ef56314915df,liboctets-87985722d2a27879}.rlib\" \"<sysroot>/lib/rustlib/x86_64-unknown-linux-gnu/lib/{libstd-*,libpanic_unwind-*,libobject-*,libmemchr-*,libaddr2line-*,libgimli-*,libcfg_if-*,librustc_demangle-*,libstd_detect-*,libhashbrown-*,librustc_std_workspace_alloc-*,libminiz_oxide-*,libadler2-*,libunwind-*,liblibc-*,librustc_std_workspace_core-*,liballoc-*,libcore-*,libcompiler_builtins-*}.rlib\" \"-Wl,-Bdynamic\" \"-lgcc_s\" \"-lutil\" \"-lrt\" \"-lpthread\" \"-lm\" \"-ldl\" \"-lc\" \"-L\" \"/tmp/rustc9Xe6GO/raw-dylibs\" \"-B<sysroot>/lib/rustlib/x86_64-unknown-linux-gnu/bin/gcc-ld\" \"-fuse-ld=lld\" \"-Wl,--eh-frame-hdr\" \"-Wl,-z,noexecstack\" \"-L\" \"/home/ale/Documents/pcr-quic/examples/target/debug/build/blake3-f35f0b8d219f6f86/out\" \"-L\" \"/home/ale/Documents/pcr-quic/examples/target/debug/build/ring-43c8ae9b98d95739/out\" \"-L\" \"<sysroot>/lib/rustlib/x86_64-unknown-linux-gnu/lib\" \"-o\" \"/home/ale/Documents/pcr-quic/examples/target/debug/examples/basic_ratchet-f73a0fe6f3a4017e\" \"-Wl,--gc-sections\" \"-pie\" \"-Wl,-z,relro,-z,now\" \"-nodefaultlibs\"","code":null,"level":"note","spans":[],"children":[],"rendered":null},{"message":"some arguments are omitted. use `--verbose` to show all linker arguments","code":null,"level":"note","spans":[],"children":[],"rendered":null},{"message":"rust-lld: error: undefined symbol: pcr_aes256gcm_ctx_free\n>>> referenced by mod.rs:592 (src/pcr_shim/mod.rs:592)\n>>>               pcr_quic-fab6ef7465e8665f.5okbsvk7jsxsyws3eqt66brtj.1osqxia.rcgu.o:(_$LT$pcr_quic..pcr_shim..Aes256GcmCtx$u20$as$u20$core..ops..drop..Drop$GT$::drop::hec4cbc962f2b7ccb) in archive /home/ale/Documents/pcr-quic/examples/target/debug/deps/libpcr_quic-fab6ef7465e8665f.rlib\n\nrust-lld: error: undefined symbol: pcr_hkdf_sha256\n>>> referenced by mod.rs:88 (src/pcr_shim/mod.rs:88)\n>>>               pcr_quic-fab6ef7465e8665f.afwatb60tpk116wkl4tzu9g7g.1osqxia.rcgu.o:(pcr_quic::pcr_shim::hkdf_sha256::hac0475315df0d17d) in archive /home/ale/Documents/pcr-quic/examples/target/debug/deps/libpcr_quic-fab6ef7465e8665f.rlib\n\nrust-lld: error: undefined symbol: pcr_secure_zero\n>>> referenced by mod.rs:782 (src/pcr_shim/mod.rs:782)\n>>>               pcr_quic-fab6ef7465e8665f.afwatb60tpk116wkl4tzu9g7g.1osqxia.rcgu.o:(pcr_quic::pcr_shim::secure_zero::h7dbf928cf47e2564) in archive /home/ale/Documents/pcr-quic/examples/target/debug/deps/libpcr_quic-fab6ef7465e8665f.rlib\n\nrust-lld: error: undefined symbol: pcr_aes256gcm_ctx_new\n>>> referenced by mod.rs:465 (src/pcr_shim/mod.rs:465)\n>>>               pcr_quic-fab6ef7465e8665f.afwatb60tpk116wkl4tzu9g7g.1osqxia.rcgu.o:(pcr_quic::pcr_shim::Aes256GcmCtx::new::hb2d352e96970a996) in archive /home/ale/Documents/pcr-quic/examples/target/debug/deps/libpcr_quic-fab6ef7465e8665f.rlib\n\nrust-lld: error: undefined symbol: pcr_aes256gcm_open_ctx\n>>> referenced by mod.rs:568 (src/pcr_shim/mod.rs:568)\n>>>               pcr_quic-fab6ef7465e8665f.afwatb60tpk116wkl4tzu9g7g.1osqxia.rcgu.o:(pcr_quic::pcr_shim::Aes256GcmCtx::open::h288c36a77e17e9b9) in archive /home/ale/Documents/pcr-quic/examples/target/debug/deps/libpcr_quic-fab6ef7465e8665f.rlib\n\nrust-lld: error: undefined symbol: pcr_aes256gcm_seal_ctx\n>>> referenced by mod.rs:487 (src/pcr_shim/mod.rs:487)\n>>>               pcr_quic-fab6ef7465e8665f.afwatb60tpk116wkl4tzu9g7g.1osqxia.rcgu.o:(pcr_quic::pcr_shim::Aes256GcmCtx::seal::he62cbb14598ab0b0) in archive /home/ale/Documents/pcr-quic/examples/target/debug/deps/libpcr_quic-fab6ef7465e8665f.rlib\n\nrust-lld: error: undefined symbol: pcr_aes256gcm_open\n>>> referenced by mod.rs:424 (src/pcr_shim/mod.rs:424)\n>>>               pcr_quic-fab6ef7465e8665f.afwatb60tpk116wkl4tzu9g7g.1osqxia.rcgu.o:(pcr_quic::pcr_shim::aes256gcm_open::h78f4c8a7c2985b2d) in archive /home/ale/Documents/pcr-quic/examples/target/debug/deps/libpcr_quic-fab6ef7465e8665f.rlib\n\nrust-lld: error: undefined symbol: pcr_aes256gcm_seal\n>>> referenced by mod.rs:321 (src/pcr_shim/mod.rs:321)\n>>>               pcr_quic-fab6ef7465e8665f.afwatb60tpk116wkl4tzu9g7g.1osqxia.rcgu.o:(pcr_quic::pcr_shim::aes256gcm_seal::hc3b6f204eccf0749) in archive /home/ale/Documents/pcr-quic/examples/target/debug/deps/libpcr_quic-fab6ef7465e8665f.rlib\ncollect2: error: ld returned 1 exit status\n","code":null,"level":"note","spans":[],"children":[],"rendered":null}],"rendered":"\u001b[0m\u001b[1m\u001b[38;5;9merror\u001b[0m\u001b[0m\u001b[1m: linking with `cc` failed: exit status: 1\u001b[0m\n\u001b[0m  \u001b[0m\u001b[0m\u001b[1m\u001b[38;5;12m|\u001b[0m\n\u001b[0m  \u001b[0m\u001b[0m\u001b[1m\u001b[38;5;12m= \u001b[0m\u001b[0m\u001b[1mnote\u001b[0m\u001b[0m:  \"cc\" \"-m64\" \"/tmp/rustc9Xe6GO/symbols.o\" \"<27 object files omitted>\" \"-Wl,--as-needed\" \"-Wl,-Bstatic\" \"/home/ale/Documents/pcr-quic/examples/target/debug/deps/{libpcr_quic-fab6ef7465e8665f,libblake3-b237831d2b8f49bd,libconstant_time_eq-9cbee31b9a2a0793,libcpufeatures-f5e235453bd93bb1,libcfg_if-b2fae9762dd914dd,libarrayvec-9af15950db9f6fc4,libarrayref-ab36ef56314915df,liboctets-87985722d2a27879}.rlib\" \"<sysroot>/lib/rustlib/x86_64-unknown-linux-gnu/lib/{libstd-*,libpanic_unwind-*,libobject-*,libmemchr-*,libaddr2line-*,libgimli-*,libcfg_if-*,librustc_demangle-*,libstd_detect-*,libhashbrown-*,librustc_std_workspace_alloc-*,libminiz_oxide-*,libadler2-*,libunwind-*,liblibc-*,librustc_std_workspace_core-*,liballoc-*,libcore-*,libcompiler_builtins-*}.rlib\" \"-Wl,-Bdynamic\" \"-lgcc_s\" \"-lutil\" \"-lrt\" \"-lpthread\" \"-lm\" \"-ldl\" \"-lc\" \"-L\" \"/tmp/rustc9Xe6GO/raw-dylibs\" \"-B<sysroot>/lib/rustlib/x86_64-unknown-linux-gnu/bin/gcc-ld\" \"-fuse-ld=lld\" \"-Wl,--eh-frame-hdr\" \"-Wl,-z,noexecstack\" \"-L\" \"/home/ale/Documents/pcr-quic/examples/target/debug/build/blake3-f35f0b8d219f6f86/out\" \"-L\" \"/home/ale/Documents/pcr-quic/examples/target/debug/build/ring-43c8ae9b98d95739/out\" \"-L\" \"<sysroot>/lib/rustlib/x86_64-unknown-linux-gnu/lib\" \"-o\" \"/home/ale/Documents/pcr-quic/examples/target/debug/examples/basic_ratchet-f73a0fe6f3a4017e\" \"-Wl,--gc-sections\" \"-pie\" \"-Wl,-z,relro,-z,now\" \"-nodefaultlibs\"\u001b[0m\n\u001b[0m  \u001b[0m\u001b[0m\u001b[1m\u001b[38;5;12m= \u001b[0m\u001b[0m\u001b[1mnote\u001b[0m\u001b[0m: some arguments are omitted. use `--verbose` to show all linker arguments\u001b[0m\n\u001b[0m  \u001b[0m\u001b[0m\u001b[1m\u001b[38;5;12m= \u001b[0m\u001b[0m\u001b[1mnote\u001b[0m\u001b[0m: rust-lld: error: undefined symbol: pcr_aes256gcm_ctx_free\u001b[0m\n\u001b[0m          >>> referenced by mod.rs:592 (src/pcr_shim/mod.rs:592)\u001b[0m\n\u001b[0m          >>>               pcr_quic-fab6ef7465e8665f.5okbsvk7jsxsyws3eqt66brtj.1osqxia.rcgu.o:(_$LT$pcr_quic..pcr_shim..Aes256GcmCtx$u20$as$u20$core..ops..drop..Drop$GT$::drop::hec4cbc962f2b7ccb) in archive /home/ale/Documents/pcr-quic/examples/target/debug/deps/libpcr_quic-fab6ef7465e8665f.rlib\u001b[0m\n\u001b[0m          \u001b[0m\n\u001b[0m          rust-lld: error: undefined symbol: pcr_hkdf_sha256\u001b[0m\n\u001b[0m          >>> referenced by mod.rs:88 (src/pcr_shim/mod.rs:88)\u001b[0m\n\u001b[0m          >>>               pcr_quic-fab6ef7465e8665f.afwatb60tpk116wkl4tzu9g7g.1osqxia.rcgu.o:(pcr_quic::pcr_shim::hkdf_sha256::hac0475315df0d17d) in archive /home/ale/Documents/pcr-quic/examples/target/debug/deps/libpcr_quic-fab6ef7465e8665f.rlib\u001b[0m\n\u001b[0m          \u001b[0m\n\u001b[0m          rust-lld: error: undefined symbol: pcr_secure_zero\u001b[0m\n\u001b[0m          >>> referenced by mod.rs:782 (src/pcr_shim/mod.rs:782)\u001b[0m\n\u001b[0m          >>>               pcr_quic-fab6ef7465e8665f.afwatb60tpk116wkl4tzu9g7g.1osqxia.rcgu.o:(pcr_quic::pcr_shim::secure_zero::h7dbf928cf47e2564) in archive /home/ale/Documents/pcr-quic/examples/target/debug/deps/libpcr_quic-fab6ef7465e8665f.rlib\u001b[0m\n\u001b[0m          \u001b[0m\n\u001b[0m          rust-lld: error: undefined symbol: pcr_aes256gcm_ctx_new\u001b[0m\n\u001b[0m          >>> referenced by mod.rs:465 (src/pcr_shim/mod.rs:465)\u001b[0m\n\u001b[0m          >>>               pcr_quic-fab6ef7465e8665f.afwatb60tpk116wkl4tzu9g7g.1osqxia.rcgu.o:(pcr_quic::pcr_shim::Aes256GcmCtx::new::hb2d352e96970a996) in archive /home/ale/Documents/pcr-quic/examples/target/debug/deps/libpcr_quic-fab6ef7465e8665f.rlib\u001b[0m\n\u001b[0m          \u001b[0m\n\u001b[0m          rust-lld: error: undefined symbol: pcr_aes256gcm_open_ctx\u001b[0m\n\u001b[0m          >>> referenced by mod.rs:568 (src/pcr_shim/mod.rs:568)\u001b[0m\n\u001b[0m          >>>               pcr_quic-fab6ef7465e8665f.afwatb60tpk116wkl4tzu9g7g.1osqxia.rcgu.o:(pcr_quic::pcr_shim::Aes256GcmCtx::open::h288c36a77e17e9b9) in archive /home/ale/Documents/pcr-quic/examples/target/debug/deps/libpcr_quic-fab6ef7465e8665f.rlib\u001b[0m\n\u001b[0m          \u001b[0m\n\u001b[0m          rust-lld: error: undefined symbol: pcr_aes256gcm_seal_ctx\u001b[0m\n\u001b[0m          >>> referenced by mod.rs:487 (src/pcr_shim/mod.rs:487)\u001b[0m\n\u001b[0m          >>>               pcr_quic-fab6ef7465e8665f.afwatb60tpk116wkl4tzu9g7g.1osqxia.rcgu.o:(pcr_quic::pcr_shim::Aes256GcmCtx::seal::he62cbb14598ab0b0) in archive /home/ale/Documents/pcr-quic/examples/target/debug/deps/libpcr_quic-fab6ef7465e8665f.rlib\u001b[0m\n\u001b[0m          \u001b[0m\n\u001b[0m          rust-lld: error: undefined symbol: pcr_aes256gcm_open\u001b[0m\n\u001b[0m          >>> referenced by mod.rs:424 (src/pcr_shim/mod.rs:424)\u001b[0m\n\u001b[0m          >>>               pcr_quic-fab6ef7465e8665f.afwatb60tpk116wkl4tzu9g7g.1osqxia.rcgu.o:(pcr_quic::pcr_shim::aes256gcm_open::h78f4c8a7c2985b2d) in archive /home/ale/Documents/pcr-quic/examples/target/debug/deps/libpcr_quic-fab6ef7465e8665f.rlib\u001b[0m\n\u001b[0m          \u001b[0m\n\u001b[0m          rust-lld: error: undefined symbol: pcr_aes256gcm_seal\u001b[0m\n\u001b[0m          >>> referenced by mod.rs:321 (src/pcr_shim/mod.rs:321)\u001b[0m\n\u001b[0m          >>>               pcr_quic-fab6ef7465e8665f.afwatb60tpk116wkl4tzu9g7g.1osqxia.rcgu.o:(pcr_quic::pcr_shim::aes256gcm_seal::hc3b6f204eccf0749) in archive /home/ale/Documents/pcr-quic/examples/target/debug/deps/libpcr_quic-fab6ef7465e8665f.rlib\u001b[0m\n\u001b[0m          collect2: error: ld returned 1 exit status\u001b[0m\n\u001b[0m          \u001b[0m\n\n"}
{"$message_type":"diagnostic","message":"aborting due to 1 previous error","code":null,"level":"error","spans":[],"children":[],"rendered":"\u001b[0m\u001b[1m\u001b[38;5;9merror\u001b[0m\u001b[0m\u001b[1m: aborting due to 1 previous error\u001b[0m\n\n"}
